make --dry-run --always-make --keep-going --print-directory
make: Entering directory '/home/danielkowalski/RangeReachCode'
 
g++ -O3 -mavx -std=c++17 -w -march=native -fopenmp -c Queries/hybridQueries.cpp -o Queries/hybridQueries.o
g++ -O3 -mavx -std=c++17 -w -march=native -fopenmp -c Structures/IntervalScheme.cpp -o Structures/IntervalScheme.o
g++ -O3 -mavx -std=c++17 -w -march=native -fopenmp -c Spatial/Location.cpp -o Spatial/Location.o
g++ -O3 -mavx -std=c++17 -w -march=native -fopenmp -c Spatial/LocationMap.cpp -o Spatial/LocationMap.o
g++ -O3 -mavx -std=c++17 -w -march=native -fopenmp -c Spatial/MBR.cpp -o Spatial/MBR.o
g++ -O3 -mavx -std=c++17 -w -march=native -fopenmp -c Queries/helper.cpp -o Queries/helper.o
g++ -O3 -mavx -std=c++17 -w -march=native -fopenmp -c Queries/socialQueries.cpp -o Queries/socialQueries.o
g++ -O3 -mavx -std=c++17 -w -march=native -fopenmp -c Queries/spatialQueries.cpp -o Queries/spatialQueries.o
g++ -O3 -mavx -std=c++17 -w -march=native -fopenmp -c GeoReach/RangeReach.cpp -o GeoReach/RangeReach.o
g++ -O3 -mavx -std=c++17 -w -march=native -fopenmp -c FileOperations/fileLoading.cpp -o FileOperations/fileLoading.o
g++ -O3 -mavx -std=c++17 -w -march=native -fopenmp -c Graph/graph.cpp -o Graph/graph.o
g++ -O3 -mavx -std=c++17 -w -march=native -fopenmp -c Spatial/rTree.cpp -o Spatial/rTree.o
g++ -O3 -mavx -std=c++17 -w -march=native -fopenmp -c Helper/clock.cpp -o Helper/clock.o
g++ -O3 -mavx -std=c++17 -w -march=native -fopenmp -c Helper/utility.cpp -o Helper/utility.o
g++ -O3 -mavx -std=c++17 -w -march=native -fopenmp -c Structures/boostTypes.cpp -o Structures/boostTypes.o
g++ -O3 -mavx -std=c++17 -w -march=native -fopenmp -c bfl/bfl.cpp -o bfl/bfl.o
g++ -O3 -mavx -std=c++17 -w -march=native -fopenmp  Queries/hybridQueries.o Structures/IntervalScheme.o Spatial/Location.o Spatial/LocationMap.o Spatial/MBR.o Queries/helper.o Queries/socialQueries.o Queries/spatialQueries.o GeoReach/RangeReach.o FileOperations/fileLoading.o Graph/graph.o Spatial/rTree.o Helper/clock.o Helper/utility.o Structures/boostTypes.o bfl/bfl.o createIntervalScheme.cpp -o Executables/createIntervalScheme 
g++ -O3 -mavx -std=c++17 -w -march=native -fopenmp  Queries/hybridQueries.o Structures/IntervalScheme.o Spatial/Location.o Spatial/LocationMap.o Spatial/MBR.o Queries/helper.o Queries/socialQueries.o Queries/spatialQueries.o GeoReach/RangeReach.o FileOperations/fileLoading.o Graph/graph.o Spatial/rTree.o Helper/clock.o Helper/utility.o Structures/boostTypes.o bfl/bfl.o createHybrid.cpp -o Executables/createHybrid 
g++ -O3 -mavx -std=c++17 -w -march=native -fopenmp  Queries/hybridQueries.o Structures/IntervalScheme.o Spatial/Location.o Spatial/LocationMap.o Spatial/MBR.o Queries/helper.o Queries/socialQueries.o Queries/spatialQueries.o GeoReach/RangeReach.o FileOperations/fileLoading.o Graph/graph.o Spatial/rTree.o Helper/clock.o Helper/utility.o Structures/boostTypes.o bfl/bfl.o createQueries.cpp -o Executables/createQueries 
g++ -O3 -mavx -std=c++17 -w -march=native -fopenmp  Queries/hybridQueries.o Structures/IntervalScheme.o Spatial/Location.o Spatial/LocationMap.o Spatial/MBR.o Queries/helper.o Queries/socialQueries.o Queries/spatialQueries.o GeoReach/RangeReach.o FileOperations/fileLoading.o Graph/graph.o Spatial/rTree.o Helper/clock.o Helper/utility.o Structures/boostTypes.o bfl/bfl.o createRangeReach.cpp -o Executables/createRangeReach 
g++ -O3 -mavx -std=c++17 -w -march=native -fopenmp  Queries/hybridQueries.o Structures/IntervalScheme.o Spatial/Location.o Spatial/LocationMap.o Spatial/MBR.o Queries/helper.o Queries/socialQueries.o Queries/spatialQueries.o GeoReach/RangeReach.o FileOperations/fileLoading.o Graph/graph.o Spatial/rTree.o Helper/clock.o Helper/utility.o Structures/boostTypes.o bfl/bfl.o createSocialFirst.cpp -o Executables/createSocialFirst 
g++ -O3 -mavx -std=c++17 -w -march=native -fopenmp  Queries/hybridQueries.o Structures/IntervalScheme.o Spatial/Location.o Spatial/LocationMap.o Spatial/MBR.o Queries/helper.o Queries/socialQueries.o Queries/spatialQueries.o GeoReach/RangeReach.o FileOperations/fileLoading.o Graph/graph.o Spatial/rTree.o Helper/clock.o Helper/utility.o Structures/boostTypes.o bfl/bfl.o createSpatialFirst.cpp -o Executables/createSpatialFirst 
g++ -O3 -mavx -std=c++17 -w -march=native -fopenmp  Queries/hybridQueries.o Structures/IntervalScheme.o Spatial/Location.o Spatial/LocationMap.o Spatial/MBR.o Queries/helper.o Queries/socialQueries.o Queries/spatialQueries.o GeoReach/RangeReach.o FileOperations/fileLoading.o Graph/graph.o Spatial/rTree.o Helper/clock.o Helper/utility.o Structures/boostTypes.o bfl/bfl.o createTransitiveClosure.cpp -o Executables/createTransitiveClosure 
g++ -O3 -mavx -std=c++17 -w -march=native -fopenmp  Queries/hybridQueries.o Structures/IntervalScheme.o Spatial/Location.o Spatial/LocationMap.o Spatial/MBR.o Queries/helper.o Queries/socialQueries.o Queries/spatialQueries.o GeoReach/RangeReach.o FileOperations/fileLoading.o Graph/graph.o Spatial/rTree.o Helper/clock.o Helper/utility.o Structures/boostTypes.o bfl/bfl.o createBflStructure.cpp -o Executables/createBflStructure 
g++ -O3 -mavx -std=c++17 -w -march=native -fopenmp  Queries/hybridQueries.o Structures/IntervalScheme.o Spatial/Location.o Spatial/LocationMap.o Spatial/MBR.o Queries/helper.o Queries/socialQueries.o Queries/spatialQueries.o GeoReach/RangeReach.o FileOperations/fileLoading.o Graph/graph.o Spatial/rTree.o Helper/clock.o Helper/utility.o Structures/boostTypes.o bfl/bfl.o runBreadthFirstQuery.cpp -o Executables/runBreadthFirstQuery 
g++ -O3 -mavx -std=c++17 -w -march=native -fopenmp  Queries/hybridQueries.o Structures/IntervalScheme.o Spatial/Location.o Spatial/LocationMap.o Spatial/MBR.o Queries/helper.o Queries/socialQueries.o Queries/spatialQueries.o GeoReach/RangeReach.o FileOperations/fileLoading.o Graph/graph.o Spatial/rTree.o Helper/clock.o Helper/utility.o Structures/boostTypes.o bfl/bfl.o runHybrid.cpp -o Executables/runHybrid 
g++ -O3 -mavx -std=c++17 -w -march=native -fopenmp  Queries/hybridQueries.o Structures/IntervalScheme.o Spatial/Location.o Spatial/LocationMap.o Spatial/MBR.o Queries/helper.o Queries/socialQueries.o Queries/spatialQueries.o GeoReach/RangeReach.o FileOperations/fileLoading.o Graph/graph.o Spatial/rTree.o Helper/clock.o Helper/utility.o Structures/boostTypes.o bfl/bfl.o runQueries.cpp -o Executables/runQueries 
g++ -O3 -mavx -std=c++17 -w -march=native -fopenmp  Queries/hybridQueries.o Structures/IntervalScheme.o Spatial/Location.o Spatial/LocationMap.o Spatial/MBR.o Queries/helper.o Queries/socialQueries.o Queries/spatialQueries.o GeoReach/RangeReach.o FileOperations/fileLoading.o Graph/graph.o Spatial/rTree.o Helper/clock.o Helper/utility.o Structures/boostTypes.o bfl/bfl.o runRangeReach.cpp -o Executables/runRangeReach 
g++ -O3 -mavx -std=c++17 -w -march=native -fopenmp  Queries/hybridQueries.o Structures/IntervalScheme.o Spatial/Location.o Spatial/LocationMap.o Spatial/MBR.o Queries/helper.o Queries/socialQueries.o Queries/spatialQueries.o GeoReach/RangeReach.o FileOperations/fileLoading.o Graph/graph.o Spatial/rTree.o Helper/clock.o Helper/utility.o Structures/boostTypes.o bfl/bfl.o runSocialFirst.cpp -o Executables/runSocialFirst 
g++ -O3 -mavx -std=c++17 -w -march=native -fopenmp  Queries/hybridQueries.o Structures/IntervalScheme.o Spatial/Location.o Spatial/LocationMap.o Spatial/MBR.o Queries/helper.o Queries/socialQueries.o Queries/spatialQueries.o GeoReach/RangeReach.o FileOperations/fileLoading.o Graph/graph.o Spatial/rTree.o Helper/clock.o Helper/utility.o Structures/boostTypes.o bfl/bfl.o runSpatialFirst.cpp -o Executables/runSpatialFirst 
make: Leaving directory '/home/danielkowalski/RangeReachCode'
 
